<?xml version="1.0" encoding="UTF-8"?>
<testsuite name="com.bridgelabz.generic.MaxNumberTest" tests="1" skipped="0" failures="0" errors="0" timestamp="2019-11-29T06:53:47" hostname="admin1-LIVA-Z2V" time="0.009">
  <properties/>
  <testcase name="toTestMaximumByPassingNumberUsingOption" classname="com.bridgelabz.generic.MaxNumberTest" time="0.009"/>
  <system-out><![CDATA[
]]></system-out>
  <system-err><![CDATA[]]></system-err>
</testsuite>
