<?xml version="1.0" encoding="UTF-8"?>
<testsuite name="com.bridgelabz.generic.MaxNumberTest" tests="1" skipped="0" failures="0" errors="0" timestamp="2019-11-29T06:50:35" hostname="admin1-LIVA-Z2V" time="0.023">
  <properties/>
  <testcase name="when_Entered_Should_Return_Maximum_With_PrintMax" classname="com.bridgelabz.generic.MaxNumberTest" time="0.023"/>
  <system-out><![CDATA[30
]]></system-out>
  <system-err><![CDATA[]]></system-err>
</testsuite>
