<?xml version="1.0" encoding="UTF-8"?>
<testsuite name="com.bridgelabz.generic.MaxNumberTest" tests="1" skipped="0" failures="0" errors="0" timestamp="2019-11-29T07:02:22" hostname="admin1-LIVA-Z2V" time="5.776">
  <properties/>
  <testcase name="toTestMaximumNumberOnPositoinTwoShouldReturnPositionTwoValue" classname="com.bridgelabz.generic.MaxNumberTest" time="5.776"/>
  <system-out><![CDATA[35
]]></system-out>
  <system-err><![CDATA[]]></system-err>
</testsuite>
