<?xml version="1.0" encoding="UTF-8"?>
<testsuite name="com.bridgelabz.generic.MaxNumberTest" tests="3" skipped="0" failures="0" errors="0" timestamp="2019-11-28T11:43:21" hostname="admin1-LIVA-Z2V" time="0.009">
  <properties/>
  <testcase name="toTestMaximumNumber" classname="com.bridgelabz.generic.MaxNumberTest" time="0.002"/>
  <testcase name="toTestMaximumString" classname="com.bridgelabz.generic.MaxNumberTest" time="0.003"/>
  <testcase name="toTestMaximumFloatNumber" classname="com.bridgelabz.generic.MaxNumberTest" time="0.002"/>
  <system-out><![CDATA[]]></system-out>
  <system-err><![CDATA[]]></system-err>
</testsuite>
