<?xml version="1.0" encoding="UTF-8"?>
<testsuite name="com.bridgelabz.generic.MaxNumberTest" tests="3" skipped="0" failures="0" errors="0" timestamp="2019-11-28T12:43:46" hostname="admin1-LIVA-Z2V" time="0.015">
  <properties/>
  <testcase name="toTestMaximumByPassingStringToConstructor" classname="com.bridgelabz.generic.MaxNumberTest" time="0.006"/>
  <testcase name="toTestMaximumByPassingFloatsToConstructor" classname="com.bridgelabz.generic.MaxNumberTest" time="0.005"/>
  <testcase name="toTestMaximumAfterCreatingGeneric" classname="com.bridgelabz.generic.MaxNumberTest" time="0.0"/>
  <system-out><![CDATA[]]></system-out>
  <system-err><![CDATA[]]></system-err>
</testsuite>
