<?xml version="1.0" encoding="UTF-8"?>
<testsuite name="com.bridgelabz.generic.MaxNumberTest" tests="1" skipped="1" failures="0" errors="0" timestamp="2019-11-28T10:54:08" hostname="admin1-LIVA-Z2V" time="21.515">
  <properties/>
  <testcase name="toTestMaximumFloatNumber" classname="com.bridgelabz.generic.MaxNumberTest" time="21.515">
    <skipped/>
  </testcase>
  <system-out><![CDATA[]]></system-out>
  <system-err><![CDATA[]]></system-err>
</testsuite>
